This is pdfTeX, Version 3.14159265-2.6-1.40.20 (TeX Live 2019) (preloaded format=pdflatex 2019.8.9)  8 DEC 2019 14:45
entering extended mode
 restricted \write18 enabled.
 file:line:error style messages enabled.
 %&-line parsing enabled.
**arxiv.sty
(./arxiv.sty
LaTeX2e <2018-12-01>

./arxiv.sty:10: LaTeX Error: \usepackage before \documentclass.

See the LaTeX manual or LaTeX Companion for explanation.
Type  H <return>  for immediate help.
 ...                                              
                                                  
l.10 \usepackage[verbose=true,letterpaper]{
                                           geometry}
? 
./arxiv.sty:10: Emergency stop.
 ...                                              
                                                  
l.10 \usepackage[verbose=true,letterpaper]{
                                           geometry}
\usepackage may only appear in the document preamble, i.e.,
between \documentclass and \begin{document}.

 
Here is how much of TeX's memory you used:
 8 strings out of 492616
 271 string characters out of 6129482
 57124 words of memory out of 5000000
 4026 multiletter control sequences out of 15000+600000
 3640 words of font info for 14 fonts, out of 8000000 for 9000
 1141 hyphenation exceptions out of 8191
 7i,0n,5p,59b,14s stack positions out of 5000i,500n,10000p,200000b,80000s
./arxiv.sty:10:  ==> Fatal error occurred, no output PDF file produced!
